{"/Users/francescobaccetti/Projects/notionjs/src/extractId.ts": {"path":"/Users/francescobaccetti/Projects/notionjs/src/extractId.ts","statementMap":{"0":{"start":{"line":1,"column":0},"end":{"line":1,"column":25}},"1":{"start":{"line":6,"column":16},"end":{"line":7,"column":null}},"2":{"start":{"line":9,"column":2},"end":{"line":9,"column":26}},"3":{"start":{"line":13,"column":16},"end":{"line":14,"column":null}},"4":{"start":{"line":16,"column":2},"end":{"line":16,"column":26}},"5":{"start":{"line":20,"column":2},"end":{"line":22,"column":null}},"6":{"start":{"line":21,"column":4},"end":{"line":21,"column":14}},"7":{"start":{"line":23,"column":2},"end":{"line":26,"column":22}},"8":{"start":{"line":30,"column":2},"end":{"line":32,"column":null}},"9":{"start":{"line":31,"column":4},"end":{"line":31,"column":14}},"10":{"start":{"line":33,"column":2},"end":{"line":33,"column":30}},"11":{"start":{"line":38,"column":4},"end":{"line":38,"column":19}},"12":{"start":{"line":40,"column":11},"end":{"line":40,"column":25}},"13":{"start":{"line":41,"column":2},"end":{"line":41,"column":46}},"14":{"start":{"line":46,"column":4},"end":{"line":46,"column":19}},"15":{"start":{"line":48,"column":2},"end":{"line":50,"column":null}},"16":{"start":{"line":49,"column":4},"end":{"line":49,"column":58}},"17":{"start":{"line":51,"column":2},"end":{"line":51,"column":42}}},"fnMap":{"0":{"name":"hasDash","decl":{"start":{"line":5,"column":9},"end":{"line":5,"column":16}},"loc":{"start":{"line":5,"column":27},"end":{"line":10,"column":1}}},"1":{"name":"hasNoDash","decl":{"start":{"line":12,"column":9},"end":{"line":12,"column":18}},"loc":{"start":{"line":12,"column":29},"end":{"line":17,"column":1}}},"2":{"name":"toDash","decl":{"start":{"line":19,"column":9},"end":{"line":19,"column":15}},"loc":{"start":{"line":19,"column":26},"end":{"line":27,"column":1}}},"3":{"name":"toNoDash","decl":{"start":{"line":29,"column":9},"end":{"line":29,"column":17}},"loc":{"start":{"line":29,"column":28},"end":{"line":34,"column":1}}},"4":{"name":"idFromUrl","decl":{"start":{"line":36,"column":9},"end":{"line":36,"column":18}},"loc":{"start":{"line":38,"column":52},"end":{"line":42,"column":1}}},"5":{"name":"extractID","decl":{"start":{"line":44,"column":9},"end":{"line":44,"column":18}},"loc":{"start":{"line":46,"column":52},"end":{"line":52,"column":1}}}},"branchMap":{"0":{"loc":{"start":{"line":20,"column":2},"end":{"line":22,"column":null}},"type":"if","locations":[{"start":{"line":20,"column":2},"end":{"line":22,"column":null}},{"start":{"line":20,"column":2},"end":{"line":22,"column":null}}]},"1":{"loc":{"start":{"line":30,"column":2},"end":{"line":32,"column":null}},"type":"if","locations":[{"start":{"line":30,"column":2},"end":{"line":32,"column":null}},{"start":{"line":30,"column":2},"end":{"line":32,"column":null}}]},"2":{"loc":{"start":{"line":38,"column":4},"end":{"line":38,"column":19}},"type":"cond-expr","locations":[{"start":{"line":38,"column":4},"end":{"line":38,"column":19}},{"start":{"line":38,"column":4},"end":{"line":38,"column":19}}]},"3":{"loc":{"start":{"line":41,"column":20},"end":{"line":41,"column":30}},"type":"cond-expr","locations":[{"start":{"line":41,"column":20},"end":{"line":41,"column":30}},{"start":{"line":41,"column":33},"end":{"line":41,"column":45}}]},"4":{"loc":{"start":{"line":46,"column":4},"end":{"line":46,"column":19}},"type":"cond-expr","locations":[{"start":{"line":46,"column":4},"end":{"line":46,"column":19}},{"start":{"line":46,"column":4},"end":{"line":46,"column":19}}]},"5":{"loc":{"start":{"line":48,"column":2},"end":{"line":50,"column":null}},"type":"if","locations":[{"start":{"line":48,"column":2},"end":{"line":50,"column":null}},{"start":{"line":48,"column":2},"end":{"line":50,"column":null}}]},"6":{"loc":{"start":{"line":48,"column":6},"end":{"line":48,"column":22}},"type":"binary-expr","locations":[{"start":{"line":48,"column":6},"end":{"line":48,"column":22}},{"start":{"line":48,"column":26},"end":{"line":48,"column":44}}]},"7":{"loc":{"start":{"line":49,"column":22},"end":{"line":49,"column":37}},"type":"cond-expr","locations":[{"start":{"line":49,"column":22},"end":{"line":49,"column":37}},{"start":{"line":49,"column":40},"end":{"line":49,"column":57}}]}},"s":{"0":0,"1":0,"2":0,"3":0,"4":0,"5":0,"6":0,"7":0,"8":0,"9":0,"10":0,"11":0,"12":0,"13":0,"14":0,"15":0,"16":0,"17":0},"f":{"0":0,"1":0,"2":0,"3":0,"4":0,"5":0},"b":{"0":[0,0],"1":[0,0],"2":[0,0],"3":[0,0],"4":[0,0],"5":[0,0],"6":[0,0],"7":[0,0]}}
,"/Users/francescobaccetti/Projects/notionjs/src/index.ts": {"path":"/Users/francescobaccetti/Projects/notionjs/src/index.ts","statementMap":{"0":{"start":{"line":1,"column":0},"end":{"line":1,"column":13}},"1":{"start":{"line":2,"column":10},"end":{"line":2,"column":41}},"2":{"start":{"line":6,"column":2},"end":{"line":8,"column":null}},"3":{"start":{"line":7,"column":4},"end":{"line":7,"column":30}},"4":{"start":{"line":9,"column":0},"end":{"line":9,"column":null}},"5":{"start":{"line":1,"column":13},"end":{"line":1,"column":19}},"6":{"start":{"line":11,"column":13},"end":{"line":11,"column":25}},"7":{"start":{"line":12,"column":0},"end":{"line":12,"column":19}}},"fnMap":{"0":{"name":"(anonymous_0)","decl":{"start":{"line":1,"column":0},"end":{"line":1,"column":13}},"loc":{"start":{"line":1,"column":0},"end":{"line":9,"column":null}}},"1":{"name":"Notion","decl":{"start":{"line":4,"column":2},"end":{"line":4,"column":17}},"loc":{"start":{"line":4,"column":2},"end":{"line":4,"column":18}}},"2":{"name":"(anonymous_2)","decl":{"start":{"line":6,"column":2},"end":{"line":6,"column":11}},"loc":{"start":{"line":6,"column":2},"end":{"line":8,"column":3}}}},"branchMap":{},"s":{"0":0,"1":0,"2":0,"3":0,"4":0,"5":0,"6":0,"7":0},"f":{"0":0,"1":0,"2":0},"b":{}}
,"/Users/francescobaccetti/Projects/notionjs/src/notionMethods.ts": {"path":"/Users/francescobaccetti/Projects/notionjs/src/notionMethods.ts","statementMap":{"0":{"start":{"line":1,"column":0},"end":{"line":1,"column":26}},"1":{"start":{"line":9,"column":20},"end":{"line":14,"column":2}},"2":{"start":{"line":16,"column":31},"end":{"line":16,"column":56}},"3":{"start":{"line":17,"column":13},"end":{"line":19,"column":null}},"4":{"start":{"line":17,"column":6},"end":{"line":19,"column":null}},"5":{"start":{"line":20,"column":2},"end":{"line":20,"column":19}},"6":{"start":{"line":29,"column":24},"end":{"line":29,"column":39}},"7":{"start":{"line":23,"column":45},"end":{"line":23,"column":null}},"8":{"start":{"line":24,"column":6},"end":{"line":24,"column":63}},"9":{"start":{"line":25,"column":13},"end":{"line":25,"column":null}},"10":{"start":{"line":25,"column":6},"end":{"line":25,"column":null}},"11":{"start":{"line":26,"column":2},"end":{"line":26,"column":19}},"12":{"start":{"line":29,"column":9},"end":{"line":29,"column":22}}},"fnMap":{"0":{"name":"getRecordValues","decl":{"start":{"line":16,"column":15},"end":{"line":16,"column":30}},"loc":{"start":{"line":16,"column":30},"end":{"line":21,"column":null}}},"1":{"name":"loadPageChunk","decl":{"start":{"line":23,"column":15},"end":{"line":23,"column":28}},"loc":{"start":{"line":23,"column":66},"end":{"line":27,"column":null}}}},"branchMap":{"0":{"loc":{"start":{"line":17,"column":13},"end":{"line":19,"column":null}},"type":"switch","locations":[{"start":{"line":17,"column":13},"end":{"line":19,"column":null}}]},"1":{"loc":{"start":{"line":23,"column":45},"end":{"line":23,"column":null}},"type":"if","locations":[{"start":{"line":23,"column":45},"end":{"line":23,"column":null}},{"start":{"line":23,"column":45},"end":{"line":23,"column":null}}]}},"s":{"0":0,"1":0,"2":0,"3":0,"4":0,"5":0,"6":0,"7":0,"8":0,"9":0,"10":0,"11":0,"12":0},"f":{"0":0,"1":0},"b":{"0":[0],"1":[0,0]}}
,"/Users/francescobaccetti/Projects/notionjs/src/post.ts": {"path":"/Users/francescobaccetti/Projects/notionjs/src/post.ts","statementMap":{"0":{"start":{"line":1,"column":0},"end":{"line":1,"column":35}},"1":{"start":{"line":3,"column":20},"end":{"line":8,"column":2}},"2":{"start":{"line":10,"column":32},"end":{"line":19,"column":2}},"3":{"start":{"line":21,"column":19},"end":{"line":21,"column":45}},"4":{"start":{"line":24,"column":2},"end":{"line":28,"column":4}},"5":{"start":{"line":24,"column":24},"end":{"line":24,"column":null}},"6":{"start":{"line":25,"column":8},"end":{"line":25,"column":40}},"7":{"start":{"line":26,"column":8},"end":{"line":26,"column":60}},"8":{"start":{"line":27,"column":4},"end":{"line":27,"column":36}},"9":{"start":{"line":31,"column":0},"end":{"line":31,"column":20}}},"fnMap":{"0":{"name":"post","decl":{"start":{"line":23,"column":9},"end":{"line":23,"column":13}},"loc":{"start":{"line":23,"column":37},"end":{"line":29,"column":1}}},"1":{"name":"(anonymous_1)","decl":{"start":{"line":24,"column":9},"end":{"line":24,"column":24}},"loc":{"start":{"line":24,"column":44},"end":{"line":28,"column":4}}}},"branchMap":{"0":{"loc":{"start":{"line":11,"column":13},"end":{"line":11,"column":37}},"type":"binary-expr","locations":[{"start":{"line":11,"column":13},"end":{"line":11,"column":37}},{"start":{"line":11,"column":41},"end":{"line":11,"column":72}}]},"1":{"loc":{"start":{"line":24,"column":24},"end":{"line":24,"column":null}},"type":"if","locations":[{"start":{"line":24,"column":24},"end":{"line":24,"column":null}},{"start":{"line":24,"column":24},"end":{"line":24,"column":null}}]}},"s":{"0":0,"1":0,"2":0,"3":0,"4":0,"5":0,"6":0,"7":0,"8":0,"9":0},"f":{"0":0,"1":0},"b":{"0":[0,0],"1":[0,0]}}
,"/Users/francescobaccetti/Projects/notionjs/src/types.ts": {"path":"/Users/francescobaccetti/Projects/notionjs/src/types.ts","statementMap":{"0":{"start":{"line":9,"column":0},"end":{"line":9,"column":null}},"1":{"start":{"line":10,"column":2},"end":{"line":10,"column":null}},"2":{"start":{"line":11,"column":2},"end":{"line":11,"column":null}},"3":{"start":{"line":12,"column":2},"end":{"line":12,"column":null}},"4":{"start":{"line":13,"column":2},"end":{"line":13,"column":null}},"5":{"start":{"line":14,"column":2},"end":{"line":14,"column":null}},"6":{"start":{"line":15,"column":2},"end":{"line":15,"column":null}},"7":{"start":{"line":252,"column":0},"end":{"line":252,"column":null}},"8":{"start":{"line":253,"column":2},"end":{"line":253,"column":null}},"9":{"start":{"line":254,"column":2},"end":{"line":254,"column":null}},"10":{"start":{"line":255,"column":2},"end":{"line":255,"column":null}},"11":{"start":{"line":256,"column":2},"end":{"line":256,"column":null}}},"fnMap":{"0":{"name":"(anonymous_0)","decl":{"start":{"line":9,"column":0},"end":{"line":9,"column":12}},"loc":{"start":{"line":9,"column":27},"end":{"line":16,"column":1}}},"1":{"name":"(anonymous_1)","decl":{"start":{"line":252,"column":0},"end":{"line":252,"column":5}},"loc":{"start":{"line":252,"column":22},"end":{"line":257,"column":1}}}},"branchMap":{"0":{"loc":{"start":{"line":9,"column":12},"end":{"line":9,"column":27}},"type":"binary-expr","locations":[{"start":{"line":9,"column":12},"end":{"line":9,"column":27}},{"start":{"line":9,"column":12},"end":{"line":9,"column":null}}]},"1":{"loc":{"start":{"line":252,"column":5},"end":{"line":252,"column":22}},"type":"binary-expr","locations":[{"start":{"line":252,"column":5},"end":{"line":252,"column":22}},{"start":{"line":252,"column":5},"end":{"line":252,"column":null}}]}},"s":{"0":0,"1":0,"2":0,"3":0,"4":0,"5":0,"6":0,"7":0,"8":0,"9":0,"10":0,"11":0},"f":{"0":0,"1":0},"b":{"0":[0,0],"1":[0,0]}}
}
