TN:
SF:/Users/francescobaccetti/Projects/notionjs/src/extractId.ts
FN:5,hasDash
FN:12,hasNoDash
FN:19,toDash
FN:29,toNoDash
FN:36,idFromUrl
FN:44,extractID
FNF:6
FNH:0
FNDA:0,hasDash
FNDA:0,hasNoDash
FNDA:0,toDash
FNDA:0,toNoDash
FNDA:0,idFromUrl
FNDA:0,extractID
DA:1,0
DA:6,0
DA:9,0
DA:13,0
DA:16,0
DA:20,0
DA:21,0
DA:23,0
DA:30,0
DA:31,0
DA:33,0
DA:38,0
DA:40,0
DA:41,0
DA:46,0
DA:48,0
DA:49,0
DA:51,0
LF:18
LH:0
BRDA:20,0,0,0
BRDA:20,0,1,0
BRDA:30,1,0,0
BRDA:30,1,1,0
BRDA:38,2,0,0
BRDA:38,2,1,0
BRDA:41,3,0,0
BRDA:41,3,1,0
BRDA:46,4,0,0
BRDA:46,4,1,0
BRDA:48,5,0,0
BRDA:48,5,1,0
BRDA:48,6,0,0
BRDA:48,6,1,0
BRDA:49,7,0,0
BRDA:49,7,1,0
BRF:16
BRH:0
end_of_record
TN:
SF:/Users/francescobaccetti/Projects/notionjs/src/index.ts
FN:1,(anonymous_0)
FN:4,Notion
FN:6,(anonymous_2)
FNF:3
FNH:0
FNDA:0,(anonymous_0)
FNDA:0,Notion
FNDA:0,(anonymous_2)
DA:1,0
DA:2,0
DA:6,0
DA:7,0
DA:9,0
DA:11,0
DA:12,0
LF:7
LH:0
BRF:0
BRH:0
end_of_record
TN:
SF:/Users/francescobaccetti/Projects/notionjs/src/notionMethods.ts
FN:16,getRecordValues
FN:23,loadPageChunk
FNF:2
FNH:0
FNDA:0,getRecordValues
FNDA:0,loadPageChunk
DA:1,0
DA:9,0
DA:16,0
DA:17,0
DA:20,0
DA:23,0
DA:24,0
DA:25,0
DA:26,0
DA:29,0
LF:10
LH:0
BRDA:17,0,0,0
BRDA:23,1,0,0
BRDA:23,1,1,0
BRF:3
BRH:0
end_of_record
TN:
SF:/Users/francescobaccetti/Projects/notionjs/src/post.ts
FN:23,post
FN:24,(anonymous_1)
FNF:2
FNH:0
FNDA:0,post
FNDA:0,(anonymous_1)
DA:1,0
DA:3,0
DA:10,0
DA:21,0
DA:24,0
DA:25,0
DA:26,0
DA:27,0
DA:31,0
LF:9
LH:0
BRDA:11,0,0,0
BRDA:11,0,1,0
BRDA:24,1,0,0
BRDA:24,1,1,0
BRF:4
BRH:0
end_of_record
TN:
SF:/Users/francescobaccetti/Projects/notionjs/src/types.ts
FN:9,(anonymous_0)
FN:252,(anonymous_1)
FNF:2
FNH:0
FNDA:0,(anonymous_0)
FNDA:0,(anonymous_1)
DA:9,0
DA:10,0
DA:11,0
DA:12,0
DA:13,0
DA:14,0
DA:15,0
DA:252,0
DA:253,0
DA:254,0
DA:255,0
DA:256,0
LF:12
LH:0
BRDA:9,0,0,0
BRDA:9,0,1,0
BRDA:252,1,0,0
BRDA:252,1,1,0
BRF:4
BRH:0
end_of_record
